INFO:sim:172 - Generating IP...
Applying current project options...
Finished applying current project options.
Customizing IP...
Release 14.7 - Xilinx CORE Generator IP GUI Launcher P.20131013 (lin64)
Copyright (c) 1995-2013 Xilinx, Inc.  All rights reserved.
Finished Customizing.
Generating IP...
WARNING:sim:89 - A core named <ila0> already exists in the output directory.
   Output products for this core may be overwritten.
Configuring files for ila0 root...
Gathering HDL files for ila0 root...
Creating XST project for ila0...
Creating XST script file for ila0...
Creating XST instantiation file for ila0...
Running XST for ila0...
XST: HDL Compilation
XST: Design Hierarchy Analysis
XST: HDL Analysis
XST: HDL Synthesis
XST: Advanced HDL Synthesis
XST: Low Level Synthesis
Not generating VHDL wrapper
Generating Verilog wrapper
Skipping VHDL instantiation template for ila0...
Creating ISE instantiation template for ila0...
Finished Generation.
Generating IP instantiation template...
Generating ASY schematic symbol...
INFO:sim:949 - Finished generation of ASY schematic symbol.
Generating SYM schematic symbol for 'ila0'...
Generating metadata file...
Generating ISE project...
XCO file found: ila0.xco
XMDF file found: ila0_xmdf.tcl
Adding
/home/sundar/Desktop/comporg/a3.1/SingleCycleCPU/ipcore_dir/tmp/_cg/ila0.asy
-view all -origin_type imported
Adding
/home/sundar/Desktop/comporg/a3.1/SingleCycleCPU/ipcore_dir/tmp/_cg/ila0.ngc
-view all -origin_type created
Checking file
"/home/sundar/Desktop/comporg/a3.1/SingleCycleCPU/ipcore_dir/tmp/_cg/ila0.ngc"
for project device match ...
File
"/home/sundar/Desktop/comporg/a3.1/SingleCycleCPU/ipcore_dir/tmp/_cg/ila0.ngc"
device information matches project device.
Adding
/home/sundar/Desktop/comporg/a3.1/SingleCycleCPU/ipcore_dir/tmp/_cg/ila0.v -view
all -origin_type created
INFO:HDLCompiler:1845 - Analyzing Verilog file
   "/home/sundar/Desktop/comporg/a3.1/SingleCycleCPU/ipcore_dir/tmp/_cg/ila0.v"
   into library work
INFO:ProjectMgmt - Parsing design hierarchy completed successfully.
Adding
/home/sundar/Desktop/comporg/a3.1/SingleCycleCPU/ipcore_dir/tmp/_cg/ila0.veo
-view all -origin_type imported
INFO:TclTasksC:2116 - The automatic calculation of top has been turned-off.
   Please set the new top explicitly by running the "project set top" command.
   To re-calculate the new top automatically, set the "Auto Implementation Top"
   property to true.
Top level has been set to "/ila0"
Generating README file...
Generating FLIST file...
INFO:sim:948 - Finished FLIST file generation.
Launching README viewer...
Moving files to output directory...
Finished moving files to output directory
Wrote CGP file for project 'ila0'.
